<?xml version="1.0" encoding="UTF-8"?>
<robot generator="Robot 7.2.2 (Python 3.11.11 on linux)" generated="2025-05-01T05:36:25.789660" rpa="false" schemaversion="5">
<suite id="s1" name="Register Form Test" source="/home/prashant_alge/Desktop/noobRobot/register_form_test.robot">
<test id="s1-t1" name="Register New User" line="15">
<kw name="Open Browser">
<msg time="2025-05-01T05:36:25.890480" level="FAIL">No keyword with name 'Open Browser' found.</msg>
<arg>${URL}</arg>
<arg>${BROWSER}</arg>
<status status="FAIL" start="2025-05-01T05:36:25.890447" elapsed="0.000073">No keyword with name 'Open Browser' found.</status>
</kw>
<kw name="Maximize Browser Window">
<status status="NOT RUN" start="2025-05-01T05:36:25.892019" elapsed="0.000035"/>
</kw>
<kw name="Wait Until Element Is Visible">
<arg>id=first_name</arg>
<status status="NOT RUN" start="2025-05-01T05:36:25.892165" elapsed="0.000021"/>
</kw>
<kw name="Input Text">
<arg>id=first_name</arg>
<arg>${FIRSTNAME}</arg>
<status status="NOT RUN" start="2025-05-01T05:36:25.892281" elapsed="0.000019"/>
</kw>
<kw name="Input Text">
<arg>id=last_name</arg>
<arg>${LASTNAME}</arg>
<status status="NOT RUN" start="2025-05-01T05:36:25.892391" elapsed="0.000018"/>
</kw>
<kw name="Input Text">
<arg>id=email</arg>
<arg>${EMAIL}</arg>
<status status="NOT RUN" start="2025-05-01T05:36:25.892502" elapsed="0.000018"/>
</kw>
<kw name="Input Text">
<arg>id=phone</arg>
<arg>${PHONE}</arg>
<status status="NOT RUN" start="2025-05-01T05:36:25.892608" elapsed="0.000017"/>
</kw>
<kw name="Input Password">
<arg>id=password</arg>
<arg>${PASSWORD}</arg>
<status status="NOT RUN" start="2025-05-01T05:36:25.892734" elapsed="0.000026"/>
</kw>
<kw name="Select Checkbox">
<arg>xpath=//input[@type='checkbox']</arg>
<status status="NOT RUN" start="2025-05-01T05:36:25.892855" elapsed="0.000017"/>
</kw>
<kw name="Click Button">
<arg>xpath=//button[@type='submit']</arg>
<status status="NOT RUN" start="2025-05-01T05:36:25.892951" elapsed="0.000016"/>
</kw>
<kw name="Wait Until Page Contains">
<arg>Registration Successful</arg>
<status status="NOT RUN" start="2025-05-01T05:36:25.893107" elapsed="0.000021"/>
</kw>
<kw name="Close Browser">
<status status="NOT RUN" start="2025-05-01T05:36:25.893211" elapsed="0.000020"/>
</kw>
<status status="FAIL" start="2025-05-01T05:36:25.889628" elapsed="0.003765">No keyword with name 'Open Browser' found.</status>
</test>
<doc>Test automation for registration form at https://qa-practice.netlify.app/register</doc>
<status status="FAIL" start="2025-05-01T05:36:25.790723" elapsed="0.103123"/>
</suite>
<statistics>
<total>
<stat pass="0" fail="1" skip="0">All Tests</stat>
</total>
<tag>
</tag>
<suite>
<stat name="Register Form Test" id="s1" pass="0" fail="1" skip="0">Register Form Test</stat>
</suite>
</statistics>
<errors>
<msg time="2025-05-01T05:36:25.889163" level="ERROR">Error in file '/home/prashant_alge/Desktop/noobRobot/register_form_test.robot' on line 3: Importing library 'SeleniumLibrary' failed: ModuleNotFoundError: No module named 'SeleniumLibrary'
Traceback (most recent call last):
  None
PYTHONPATH:
  /home/prashant_alge/Desktop/noobRobot/.venv/bin
  /home/prashant_alge/.local/share/uv/python/cpython-3.11.11-linux-x86_64-gnu/lib/python311.zip
  /home/prashant_alge/.local/share/uv/python/cpython-3.11.11-linux-x86_64-gnu/lib/python3.11
  /home/prashant_alge/.local/share/uv/python/cpython-3.11.11-linux-x86_64-gnu/lib/python3.11/lib-dynload
  /home/prashant_alge/Desktop/noobRobot/.venv/lib/python3.11/site-packages
  /home/prashant_alge/Desktop/noobRobot/src</msg>
</errors>
</robot>
