<?xml version="1.0" encoding="UTF-8"?>
<robot generator="Robot 7.2.2 (Python 3.11.11 on linux)" generated="2025-05-01T09:36:44.248149" rpa="false" schemaversion="5">
<suite id="s1" name="Register Form Test" source="/home/prashant_alge/Desktop/noobRobot/register_form_test.robot">
<test id="s1-t1" name="Register User Form Automation" line="19">
<kw name="Open Browser And Navigate To Form Page">
<kw name="Open Browser" owner="SeleniumLibrary">
<msg time="2025-05-01T09:36:44.563234" level="INFO">Opening browser 'Chrome' to base url 'https://qa-practice.netlify.app/register'.</msg>
<msg time="2025-05-01T09:36:49.890196" level="INFO">Cannot capture screenshot because no browser is open.</msg>
<msg time="2025-05-01T09:36:49.890701" level="FAIL">SessionNotCreatedException: Message: session not created
from unknown error: no chrome binary at /usr/bin/google-chrome
Stacktrace:
#0 0x557f28fcd7ea &lt;unknown&gt;
#1 0x557f28a9d0f0 &lt;unknown&gt;
#2 0x557f28ad3b57 &lt;unknown&gt;
#3 0x557f28ad1f68 &lt;unknown&gt;
#4 0x557f28b21569 &lt;unknown&gt;
#5 0x557f28b20b06 &lt;unknown&gt;
#6 0x557f28b12c63 &lt;unknown&gt;
#7 0x557f28adf8b5 &lt;unknown&gt;
#8 0x557f28ae0511 &lt;unknown&gt;
#9 0x557f28f938ff &lt;unknown&gt;
#10 0x557f28f979c2 &lt;unknown&gt;
#11 0x557f28f7ba32 &lt;unknown&gt;
#12 0x557f28f9816e &lt;unknown&gt;
#13 0x557f28f6239e &lt;unknown&gt;
#14 0x557f28fbb198 &lt;unknown&gt;
#15 0x557f28fbb3a4 &lt;unknown&gt;
#16 0x557f28fcc40c &lt;unknown&gt;
#17 0x7f902ae7cac3 &lt;unknown&gt;
</msg>
<arg>${URL}</arg>
<arg>${BROWSER}</arg>
<doc>Opens a new browser instance to the optional ``url``.</doc>
<status status="FAIL" start="2025-05-01T09:36:44.563015" elapsed="5.337663">SessionNotCreatedException: Message: session not created
from unknown error: no chrome binary at /usr/bin/google-chrome
Stacktrace:
#0 0x557f28fcd7ea &lt;unknown&gt;
#1 0x557f28a9d0f0 &lt;unknown&gt;
#2 0x557f28ad3b57 &lt;unknown&gt;
#3 0x557f28ad1f68 &lt;unknown&gt;
#4 0x557f28b21569 &lt;unknown&gt;
#5 0x557f28b20b06 &lt;unknown&gt;
#6 0x557f28b12c63 &lt;unknown&gt;
#7 0x557f28adf8b5 &lt;unknown&gt;
#8 0x557f28ae0511 &lt;unknown&gt;
#9 0x557f28f938ff &lt;unknown&gt;
#10 0x557f28f979c2 &lt;unknown&gt;
#11 0x557f28f7ba32 &lt;unknown&gt;
#12 0x557f28f9816e &lt;unknown&gt;
#13 0x557f28f6239e &lt;unknown&gt;
#14 0x557f28fbb198 &lt;unknown&gt;
#15 0x557f28fbb3a4 &lt;unknown&gt;
#16 0x557f28fcc40c &lt;unknown&gt;
#17 0x7f902ae7cac3 &lt;unknown&gt;
</status>
</kw>
<kw name="Maximize Browser Window" owner="SeleniumLibrary">
<doc>Maximizes current browser window.</doc>
<status status="NOT RUN" start="2025-05-01T09:36:49.902035" elapsed="0.000044"/>
</kw>
<kw name="Wait Until Page Contains Element" owner="SeleniumLibrary">
<arg>id=firstName</arg>
<arg>timeout=10s</arg>
<doc>Waits until the element ``locator`` appears on the current page.</doc>
<status status="NOT RUN" start="2025-05-01T09:36:49.902167" elapsed="0.000023"/>
</kw>
<status status="FAIL" start="2025-05-01T09:36:44.562421" elapsed="5.339893">SessionNotCreatedException: Message: session not created
from unknown error: no chrome binary at /usr/bin/google-chrome
Stacktrace:
#0 0x557f28fcd7ea &lt;unknown&gt;
#1 0x557f28a9d0f0 &lt;unknown&gt;
#2 0x557f28ad3b57 &lt;unknown&gt;
#3 0x557f28ad1f68 &lt;unknown&gt;
#4 0x557f28b21569 &lt;unknown&gt;
#5 0x557f28b20b06 &lt;unknown&gt;
#6 0x557f28b12c63 &lt;unknown&gt;
#7 0x557f28adf8b5 &lt;unknown&gt;
#8 0x557f28ae0511 &lt;unknown&gt;
#9 0x557f28f938ff &lt;unknown&gt;
#10 0x557f28f979c2 &lt;unknown&gt;
#11 0x557f28f7ba32 &lt;unknown&gt;
#12 0x557f28f9816e &lt;unknown&gt;
#13 0x557f28f6239e &lt;unknown&gt;
#14 0x557f28fbb198 &lt;unknown&gt;
#15 0x557f28fbb3a4 &lt;unknown&gt;
#16 0x557f28fcc40c &lt;unknown&gt;
#17 0x7f902ae7cac3 &lt;unknown&gt;
</status>
</kw>
<kw name="Fill Form Fields">
<status status="NOT RUN" start="2025-05-01T09:36:49.902482" elapsed="0.000028"/>
</kw>
<kw name="Submit Form">
<status status="NOT RUN" start="2025-05-01T09:36:49.902593" elapsed="0.000021"/>
</kw>
<kw name="Close All Browsers" owner="SeleniumLibrary" type="TEARDOWN">
<doc>Closes all open browsers and resets the browser cache.</doc>
<status status="PASS" start="2025-05-01T09:36:49.902785" elapsed="0.000148"/>
</kw>
<doc>Automate form submission at https://qa-practice.netlify.app/register</doc>
<tag>automation</tag>
<tag>form</tag>
<status status="FAIL" start="2025-05-01T09:36:44.561812" elapsed="5.341164">SessionNotCreatedException: Message: session not created
from unknown error: no chrome binary at /usr/bin/google-chrome
Stacktrace:
#0 0x557f28fcd7ea &lt;unknown&gt;
#1 0x557f28a9d0f0 &lt;unknown&gt;
#2 0x557f28ad3b57 &lt;unknown&gt;
#3 0x557f28ad1f68 &lt;unknown&gt;
#4 0x557f28b21569 &lt;unknown&gt;
#5 0x557f28b20b06 &lt;unknown&gt;
#6 0x557f28b12c63 &lt;unknown&gt;
#7 0x557f28adf8b5 &lt;unknown&gt;
#8 0x557f28ae0511 &lt;unknown&gt;
#9 0x557f28f938ff &lt;unknown&gt;
#10 0x557f28f979c2 &lt;unknown&gt;
#11 0x557f28f7ba32 &lt;unknown&gt;
#12 0x557f28f9816e &lt;unknown&gt;
#13 0x557f28f6239e &lt;unknown&gt;
#14 0x557f28fbb198 &lt;unknown&gt;
#15 0x557f28fbb3a4 &lt;unknown&gt;
#16 0x557f28fcc40c &lt;unknown&gt;
#17 0x7f902ae7cac3 &lt;unknown&gt;
</status>
</test>
<doc>Robot Framework test for automating form at https://qa-practice.netlify.app/register</doc>
<status status="FAIL" start="2025-05-01T09:36:44.249097" elapsed="5.654318"/>
</suite>
<statistics>
<total>
<stat pass="0" fail="1" skip="0">All Tests</stat>
</total>
<tag>
<stat pass="0" fail="1" skip="0">automation</stat>
<stat pass="0" fail="1" skip="0">form</stat>
</tag>
<suite>
<stat name="Register Form Test" id="s1" pass="0" fail="1" skip="0">Register Form Test</stat>
</suite>
</statistics>
<errors>
</errors>
</robot>
